This file contains any messages produced by compilers while
running configure, to aid debugging if configure makes a mistake.

It was created by rpt configure 1.0.0.0.0, which was
generated by GNU Autoconf 2.69.  Invocation command line was

  $ ./configure CXXFLAGS=-std=c++14

## --------- ##
## Platform. ##
## --------- ##

hostname = rajendra-HP
uname -m = x86_64
uname -r = 3.13.0-73-generic
uname -s = Linux
uname -v = #116-Ubuntu SMP Fri Dec 4 15:31:30 UTC 2015

/usr/bin/uname -p = unknown
/bin/uname -X     = unknown

/bin/arch              = unknown
/usr/bin/arch -k       = unknown
/usr/convex/getsysinfo = unknown
/usr/bin/hostinfo      = unknown
/bin/machine           = unknown
/usr/bin/oslevel       = unknown
/bin/universe          = unknown

PATH: /home/rajendra/bin
PATH: /usr/local/sbin
PATH: /usr/local/bin
PATH: /usr/sbin
PATH: /usr/bin
PATH: /sbin
PATH: /bin
PATH: /usr/games
PATH: /usr/local/games
PATH: /home/rajendra/bin
PATH: /usr/local/java/jdk1.8.0_20/bin


## ----------- ##
## Core tests. ##
## ----------- ##

configure:2292: checking for a BSD-compatible install
configure:2360: result: /usr/bin/install -c
configure:2371: checking whether build environment is sane
configure:2426: result: yes
configure:2577: checking for a thread-safe mkdir -p
configure:2616: result: /bin/mkdir -p
configure:2623: checking for gawk
configure:2639: found /usr/bin/gawk
configure:2650: result: gawk
configure:2661: checking whether make sets $(MAKE)
configure:2683: result: yes
configure:2712: checking whether make supports nested variables
configure:2729: result: yes
configure:2901: checking for ranlib
configure:2917: found /usr/bin/ranlib
configure:2928: result: ranlib
configure:3008: checking for g++
configure:3024: found /usr/bin/g++
configure:3035: result: g++
configure:3062: checking for C++ compiler version
configure:3071: g++ --version >&5
g++ (Ubuntu 5.3.0-3ubuntu1~14.04) 5.3.0 20151204
Copyright (C) 2015 Free Software Foundation, Inc.
This is free software; see the source for copying conditions.  There is NO
warranty; not even for MERCHANTABILITY or FITNESS FOR A PARTICULAR PURPOSE.

configure:3082: $? = 0
configure:3071: g++ -v >&5
Using built-in specs.
COLLECT_GCC=g++
COLLECT_LTO_WRAPPER=/usr/lib/gcc/x86_64-linux-gnu/5/lto-wrapper
Target: x86_64-linux-gnu
Configured with: ../src/configure -v --with-pkgversion='Ubuntu 5.3.0-3ubuntu1~14.04' --with-bugurl=file:///usr/share/doc/gcc-5/README.Bugs --enable-languages=c,ada,c++,java,go,fortran,objc,obj-c++ --prefix=/usr --program-suffix=-5 --enable-shared --enable-linker-build-id --libexecdir=/usr/lib --without-included-gettext --enable-threads=posix --libdir=/usr/lib --enable-nls --with-sysroot=/ --enable-clocale=gnu --enable-libstdcxx-debug --enable-libstdcxx-time=yes --with-default-libstdcxx-abi=gcc4-compatible --disable-libstdcxx-dual-abi --enable-gnu-unique-object --disable-vtable-verify --enable-libmpx --enable-plugin --with-system-zlib --disable-browser-plugin --enable-java-awt=gtk --enable-gtk-cairo --with-java-home=/usr/lib/jvm/java-1.5.0-gcj-5-amd64/jre --enable-java-home --with-jvm-root-dir=/usr/lib/jvm/java-1.5.0-gcj-5-amd64 --with-jvm-jar-dir=/usr/lib/jvm-exports/java-1.5.0-gcj-5-amd64 --with-arch-directory=amd64 --with-ecj-jar=/usr/share/java/eclipse-ecj.jar --enable-objc-gc --enable-multiarch --disable-werror --with-arch-32=i686 --with-abi=m64 --with-multilib-list=m32,m64,mx32 --enable-multilib --with-tune=generic --enable-checking=release --build=x86_64-linux-gnu --host=x86_64-linux-gnu --target=x86_64-linux-gnu
Thread model: posix
gcc version 5.3.0 20151204 (Ubuntu 5.3.0-3ubuntu1~14.04) 
configure:3082: $? = 0
configure:3071: g++ -V >&5
g++: error: unrecognized command line option '-V'
g++: fatal error: no input files
compilation terminated.
configure:3082: $? = 1
configure:3071: g++ -qversion >&5
g++: error: unrecognized command line option '-qversion'
g++: fatal error: no input files
compilation terminated.
configure:3082: $? = 1
configure:3102: checking whether the C++ compiler works
configure:3124: g++ -std=c++14   conftest.cpp  >&5
configure:3128: $? = 0
configure:3176: result: yes
configure:3179: checking for C++ compiler default output file name
configure:3181: result: a.out
configure:3187: checking for suffix of executables
configure:3194: g++ -o conftest -std=c++14   conftest.cpp  >&5
configure:3198: $? = 0
configure:3220: result: 
configure:3242: checking whether we are cross compiling
configure:3250: g++ -o conftest -std=c++14   conftest.cpp  >&5
configure:3254: $? = 0
configure:3261: ./conftest
configure:3265: $? = 0
configure:3280: result: no
configure:3285: checking for suffix of object files
configure:3307: g++ -c -std=c++14  conftest.cpp >&5
configure:3311: $? = 0
configure:3332: result: o
configure:3336: checking whether we are using the GNU C++ compiler
configure:3355: g++ -c -std=c++14  conftest.cpp >&5
configure:3355: $? = 0
configure:3364: result: yes
configure:3373: checking whether g++ accepts -g
configure:3393: g++ -c -g  conftest.cpp >&5
configure:3393: $? = 0
configure:3434: result: yes
configure:3468: checking for style of include used by make
configure:3496: result: GNU
configure:3522: checking dependency style of g++
configure:3633: result: gcc3
configure:3696: checking for gcc
configure:3712: found /usr/bin/gcc
configure:3723: result: gcc
configure:3952: checking for C compiler version
configure:3961: gcc --version >&5
gcc (Ubuntu 5.3.0-3ubuntu1~14.04) 5.3.0 20151204
Copyright (C) 2015 Free Software Foundation, Inc.
This is free software; see the source for copying conditions.  There is NO
warranty; not even for MERCHANTABILITY or FITNESS FOR A PARTICULAR PURPOSE.

configure:3972: $? = 0
configure:3961: gcc -v >&5
Using built-in specs.
COLLECT_GCC=gcc
COLLECT_LTO_WRAPPER=/usr/lib/gcc/x86_64-linux-gnu/5/lto-wrapper
Target: x86_64-linux-gnu
Configured with: ../src/configure -v --with-pkgversion='Ubuntu 5.3.0-3ubuntu1~14.04' --with-bugurl=file:///usr/share/doc/gcc-5/README.Bugs --enable-languages=c,ada,c++,java,go,fortran,objc,obj-c++ --prefix=/usr --program-suffix=-5 --enable-shared --enable-linker-build-id --libexecdir=/usr/lib --without-included-gettext --enable-threads=posix --libdir=/usr/lib --enable-nls --with-sysroot=/ --enable-clocale=gnu --enable-libstdcxx-debug --enable-libstdcxx-time=yes --with-default-libstdcxx-abi=gcc4-compatible --disable-libstdcxx-dual-abi --enable-gnu-unique-object --disable-vtable-verify --enable-libmpx --enable-plugin --with-system-zlib --disable-browser-plugin --enable-java-awt=gtk --enable-gtk-cairo --with-java-home=/usr/lib/jvm/java-1.5.0-gcj-5-amd64/jre --enable-java-home --with-jvm-root-dir=/usr/lib/jvm/java-1.5.0-gcj-5-amd64 --with-jvm-jar-dir=/usr/lib/jvm-exports/java-1.5.0-gcj-5-amd64 --with-arch-directory=amd64 --with-ecj-jar=/usr/share/java/eclipse-ecj.jar --enable-objc-gc --enable-multiarch --disable-werror --with-arch-32=i686 --with-abi=m64 --with-multilib-list=m32,m64,mx32 --enable-multilib --with-tune=generic --enable-checking=release --build=x86_64-linux-gnu --host=x86_64-linux-gnu --target=x86_64-linux-gnu
Thread model: posix
gcc version 5.3.0 20151204 (Ubuntu 5.3.0-3ubuntu1~14.04) 
configure:3972: $? = 0
configure:3961: gcc -V >&5
gcc: error: unrecognized command line option '-V'
gcc: fatal error: no input files
compilation terminated.
configure:3972: $? = 1
configure:3961: gcc -qversion >&5
gcc: error: unrecognized command line option '-qversion'
gcc: fatal error: no input files
compilation terminated.
configure:3972: $? = 1
configure:3976: checking whether we are using the GNU C compiler
configure:3995: gcc -c   conftest.c >&5
configure:3995: $? = 0
configure:4004: result: yes
configure:4013: checking whether gcc accepts -g
configure:4033: gcc -c -g  conftest.c >&5
configure:4033: $? = 0
configure:4074: result: yes
configure:4091: checking for gcc option to accept ISO C89
configure:4154: gcc  -c -g -O2  conftest.c >&5
configure:4154: $? = 0
configure:4167: result: none needed
configure:4192: checking whether gcc understands -c and -o together
configure:4214: gcc -c conftest.c -o conftest2.o
configure:4217: $? = 0
configure:4214: gcc -c conftest.c -o conftest2.o
configure:4217: $? = 0
configure:4229: result: yes
configure:4248: checking dependency style of gcc
configure:4359: result: gcc3
configure:4400: g++ -c -std=c++14  conftest.cpp >&5
configure:4400: $? = 0
configure:4419: checking how to run the C++ preprocessor
configure:4446: g++ -E  conftest.cpp
configure:4446: $? = 0
configure:4460: g++ -E  conftest.cpp
conftest.cpp:11:28: fatal error: ac_nonexistent.h: No such file or directory
compilation terminated.
configure:4460: $? = 1
configure: failed program was:
| /* confdefs.h */
| #define PACKAGE_NAME "rpt"
| #define PACKAGE_TARNAME "rpt"
| #define PACKAGE_VERSION "1.0.0.0.0"
| #define PACKAGE_STRING "rpt 1.0.0.0.0"
| #define PACKAGE_BUGREPORT "rajenpandit@gmail.com"
| #define PACKAGE_URL ""
| #define PACKAGE "rpt"
| #define VERSION "1.0.0.0.0"
| /* end confdefs.h.  */
| #include <ac_nonexistent.h>
configure:4485: result: g++ -E
configure:4505: g++ -E  conftest.cpp
configure:4505: $? = 0
configure:4519: g++ -E  conftest.cpp
conftest.cpp:11:28: fatal error: ac_nonexistent.h: No such file or directory
compilation terminated.
configure:4519: $? = 1
configure: failed program was:
| /* confdefs.h */
| #define PACKAGE_NAME "rpt"
| #define PACKAGE_TARNAME "rpt"
| #define PACKAGE_VERSION "1.0.0.0.0"
| #define PACKAGE_STRING "rpt 1.0.0.0.0"
| #define PACKAGE_BUGREPORT "rajenpandit@gmail.com"
| #define PACKAGE_URL ""
| #define PACKAGE "rpt"
| #define VERSION "1.0.0.0.0"
| /* end confdefs.h.  */
| #include <ac_nonexistent.h>
configure:4548: checking for grep that handles long lines and -e
configure:4606: result: /bin/grep
configure:4611: checking for egrep
configure:4673: result: /bin/grep -E
configure:4678: checking for ANSI C header files
configure:4698: g++ -c -std=c++14  conftest.cpp >&5
configure:4698: $? = 0
configure:4771: g++ -o conftest -std=c++14   conftest.cpp  >&5
configure:4771: $? = 0
configure:4771: ./conftest
configure:4771: $? = 0
configure:4782: result: yes
configure:4795: checking for sys/types.h
configure:4795: g++ -c -std=c++14  conftest.cpp >&5
configure:4795: $? = 0
configure:4795: result: yes
configure:4795: checking for sys/stat.h
configure:4795: g++ -c -std=c++14  conftest.cpp >&5
configure:4795: $? = 0
configure:4795: result: yes
configure:4795: checking for stdlib.h
configure:4795: g++ -c -std=c++14  conftest.cpp >&5
configure:4795: $? = 0
configure:4795: result: yes
configure:4795: checking for string.h
configure:4795: g++ -c -std=c++14  conftest.cpp >&5
configure:4795: $? = 0
configure:4795: result: yes
configure:4795: checking for memory.h
configure:4795: g++ -c -std=c++14  conftest.cpp >&5
configure:4795: $? = 0
configure:4795: result: yes
configure:4795: checking for strings.h
configure:4795: g++ -c -std=c++14  conftest.cpp >&5
configure:4795: $? = 0
configure:4795: result: yes
configure:4795: checking for inttypes.h
configure:4795: g++ -c -std=c++14  conftest.cpp >&5
configure:4795: $? = 0
configure:4795: result: yes
configure:4795: checking for stdint.h
configure:4795: g++ -c -std=c++14  conftest.cpp >&5
configure:4795: $? = 0
configure:4795: result: yes
configure:4795: checking for unistd.h
configure:4795: g++ -c -std=c++14  conftest.cpp >&5
configure:4795: $? = 0
configure:4795: result: yes
configure:4810: checking fcntl.h usability
configure:4810: g++ -c -std=c++14  conftest.cpp >&5
configure:4810: $? = 0
configure:4810: result: yes
configure:4810: checking fcntl.h presence
configure:4810: g++ -E  conftest.cpp
configure:4810: $? = 0
configure:4810: result: yes
configure:4810: checking for fcntl.h
configure:4810: result: yes
configure:4810: checking limits.h usability
configure:4810: g++ -c -std=c++14  conftest.cpp >&5
configure:4810: $? = 0
configure:4810: result: yes
configure:4810: checking limits.h presence
configure:4810: g++ -E  conftest.cpp
configure:4810: $? = 0
configure:4810: result: yes
configure:4810: checking for limits.h
configure:4810: result: yes
configure:4810: checking netdb.h usability
configure:4810: g++ -c -std=c++14  conftest.cpp >&5
configure:4810: $? = 0
configure:4810: result: yes
configure:4810: checking netdb.h presence
configure:4810: g++ -E  conftest.cpp
configure:4810: $? = 0
configure:4810: result: yes
configure:4810: checking for netdb.h
configure:4810: result: yes
configure:4810: checking for stdlib.h
configure:4810: result: yes
configure:4810: checking sys/ioctl.h usability
configure:4810: g++ -c -std=c++14  conftest.cpp >&5
configure:4810: $? = 0
configure:4810: result: yes
configure:4810: checking sys/ioctl.h presence
configure:4810: g++ -E  conftest.cpp
configure:4810: $? = 0
configure:4810: result: yes
configure:4810: checking for sys/ioctl.h
configure:4810: result: yes
configure:4810: checking sys/socket.h usability
configure:4810: g++ -c -std=c++14  conftest.cpp >&5
configure:4810: $? = 0
configure:4810: result: yes
configure:4810: checking sys/socket.h presence
configure:4810: g++ -E  conftest.cpp
configure:4810: $? = 0
configure:4810: result: yes
configure:4810: checking for sys/socket.h
configure:4810: result: yes
configure:4810: checking for unistd.h
configure:4810: result: yes
configure:4822: checking for stdbool.h that conforms to C99
configure:4889: g++ -c -std=c++14  conftest.cpp >&5
conftest.cpp:31:15: error: expected unqualified-id before string constant
               "error: bool is not defined"
               ^
conftest.cpp:49:48: error: 's' does not name a type
              struct s { _Bool s: 1; _Bool t; } s;
                                                ^
conftest.cpp:59:28: error: 's' was not declared in this scope
              char i[sizeof s.t];
                            ^
conftest.cpp: In function 'int main()':
conftest.cpp:77:24: error: 's' was not declared in this scope
              bool e = &s;
                        ^
conftest.cpp:81:63: error: 'i' was not declared in this scope
              return (!a + !b + !c + !d + !e + !f + !g + !h + !i + !!j + !k + !!l
                                                               ^
configure:4889: $? = 1
configure: failed program was:
| /* confdefs.h */
| #define PACKAGE_NAME "rpt"
| #define PACKAGE_TARNAME "rpt"
| #define PACKAGE_VERSION "1.0.0.0.0"
| #define PACKAGE_STRING "rpt 1.0.0.0.0"
| #define PACKAGE_BUGREPORT "rajenpandit@gmail.com"
| #define PACKAGE_URL ""
| #define PACKAGE "rpt"
| #define VERSION "1.0.0.0.0"
| #define STDC_HEADERS 1
| #define HAVE_SYS_TYPES_H 1
| #define HAVE_SYS_STAT_H 1
| #define HAVE_STDLIB_H 1
| #define HAVE_STRING_H 1
| #define HAVE_MEMORY_H 1
| #define HAVE_STRINGS_H 1
| #define HAVE_INTTYPES_H 1
| #define HAVE_STDINT_H 1
| #define HAVE_UNISTD_H 1
| #define HAVE_FCNTL_H 1
| #define HAVE_LIMITS_H 1
| #define HAVE_NETDB_H 1
| #define HAVE_STDLIB_H 1
| #define HAVE_SYS_IOCTL_H 1
| #define HAVE_SYS_SOCKET_H 1
| #define HAVE_UNISTD_H 1
| /* end confdefs.h.  */
| 
|              #include <stdbool.h>
|              #ifndef bool
|               "error: bool is not defined"
|              #endif
|              #ifndef false
|               "error: false is not defined"
|              #endif
|              #if false
|               "error: false is not 0"
|              #endif
|              #ifndef true
|               "error: true is not defined"
|              #endif
|              #if true != 1
|               "error: true is not 1"
|              #endif
|              #ifndef __bool_true_false_are_defined
|               "error: __bool_true_false_are_defined is not defined"
|              #endif
| 
|              struct s { _Bool s: 1; _Bool t; } s;
| 
|              char a[true == 1 ? 1 : -1];
|              char b[false == 0 ? 1 : -1];
|              char c[__bool_true_false_are_defined == 1 ? 1 : -1];
|              char d[(bool) 0.5 == true ? 1 : -1];
|              /* See body of main program for 'e'.  */
|              char f[(_Bool) 0.0 == false ? 1 : -1];
|              char g[true];
|              char h[sizeof (_Bool)];
|              char i[sizeof s.t];
|              enum { j = false, k = true, l = false * true, m = true * 256 };
|              /* The following fails for
|                 HP aC++/ANSI C B3910B A.05.55 [Dec 04 2003]. */
|              _Bool n[m];
|              char o[sizeof n == m * sizeof n[0] ? 1 : -1];
|              char p[-1 - (_Bool) 0 < 0 && -1 - (bool) 0 < 0 ? 1 : -1];
|              /* Catch a bug in an HP-UX C compiler.  See
|                 http://gcc.gnu.org/ml/gcc-patches/2003-12/msg02303.html
|                 http://lists.gnu.org/archive/html/bug-coreutils/2005-11/msg00161.html
|               */
|              _Bool q = true;
|              _Bool *pq = &q;
| 
| int
| main ()
| {
| 
|              bool e = &s;
|              *pq |= q;
|              *pq |= ! q;
|              /* Refer to every declared value, to avoid compiler optimizations.  */
|              return (!a + !b + !c + !d + !e + !f + !g + !h + !i + !!j + !k + !!l
|                      + !m + !n + !o + !p + !q + !pq);
| 
|   ;
|   return 0;
| }
configure:4896: result: no
configure:4898: checking for _Bool
configure:4898: g++ -c -std=c++14  conftest.cpp >&5
conftest.cpp: In function 'int main()':
conftest.cpp:64:13: error: '_Bool' was not declared in this scope
 if (sizeof (_Bool))
             ^
configure:4898: $? = 1
configure: failed program was:
| /* confdefs.h */
| #define PACKAGE_NAME "rpt"
| #define PACKAGE_TARNAME "rpt"
| #define PACKAGE_VERSION "1.0.0.0.0"
| #define PACKAGE_STRING "rpt 1.0.0.0.0"
| #define PACKAGE_BUGREPORT "rajenpandit@gmail.com"
| #define PACKAGE_URL ""
| #define PACKAGE "rpt"
| #define VERSION "1.0.0.0.0"
| #define STDC_HEADERS 1
| #define HAVE_SYS_TYPES_H 1
| #define HAVE_SYS_STAT_H 1
| #define HAVE_STDLIB_H 1
| #define HAVE_STRING_H 1
| #define HAVE_MEMORY_H 1
| #define HAVE_STRINGS_H 1
| #define HAVE_INTTYPES_H 1
| #define HAVE_STDINT_H 1
| #define HAVE_UNISTD_H 1
| #define HAVE_FCNTL_H 1
| #define HAVE_LIMITS_H 1
| #define HAVE_NETDB_H 1
| #define HAVE_STDLIB_H 1
| #define HAVE_SYS_IOCTL_H 1
| #define HAVE_SYS_SOCKET_H 1
| #define HAVE_UNISTD_H 1
| /* end confdefs.h.  */
| #include <stdio.h>
| #ifdef HAVE_SYS_TYPES_H
| # include <sys/types.h>
| #endif
| #ifdef HAVE_SYS_STAT_H
| # include <sys/stat.h>
| #endif
| #ifdef STDC_HEADERS
| # include <stdlib.h>
| # include <stddef.h>
| #else
| # ifdef HAVE_STDLIB_H
| #  include <stdlib.h>
| # endif
| #endif
| #ifdef HAVE_STRING_H
| # if !defined STDC_HEADERS && defined HAVE_MEMORY_H
| #  include <memory.h>
| # endif
| # include <string.h>
| #endif
| #ifdef HAVE_STRINGS_H
| # include <strings.h>
| #endif
| #ifdef HAVE_INTTYPES_H
| # include <inttypes.h>
| #endif
| #ifdef HAVE_STDINT_H
| # include <stdint.h>
| #endif
| #ifdef HAVE_UNISTD_H
| # include <unistd.h>
| #endif
| int
| main ()
| {
| if (sizeof (_Bool))
| 	 return 0;
|   ;
|   return 0;
| }
configure:4898: result: no
configure:4909: checking for inline
configure:4925: g++ -c -std=c++14  conftest.cpp >&5
configure:4925: $? = 0
configure:4933: result: inline
configure:4951: checking for size_t
configure:4951: g++ -c -std=c++14  conftest.cpp >&5
configure:4951: $? = 0
configure:4951: g++ -c -std=c++14  conftest.cpp >&5
conftest.cpp: In function 'int main()':
conftest.cpp:64:20: error: expected primary-expression before ')' token
 if (sizeof ((size_t)))
                    ^
configure:4951: $? = 1
configure: failed program was:
| /* confdefs.h */
| #define PACKAGE_NAME "rpt"
| #define PACKAGE_TARNAME "rpt"
| #define PACKAGE_VERSION "1.0.0.0.0"
| #define PACKAGE_STRING "rpt 1.0.0.0.0"
| #define PACKAGE_BUGREPORT "rajenpandit@gmail.com"
| #define PACKAGE_URL ""
| #define PACKAGE "rpt"
| #define VERSION "1.0.0.0.0"
| #define STDC_HEADERS 1
| #define HAVE_SYS_TYPES_H 1
| #define HAVE_SYS_STAT_H 1
| #define HAVE_STDLIB_H 1
| #define HAVE_STRING_H 1
| #define HAVE_MEMORY_H 1
| #define HAVE_STRINGS_H 1
| #define HAVE_INTTYPES_H 1
| #define HAVE_STDINT_H 1
| #define HAVE_UNISTD_H 1
| #define HAVE_FCNTL_H 1
| #define HAVE_LIMITS_H 1
| #define HAVE_NETDB_H 1
| #define HAVE_STDLIB_H 1
| #define HAVE_SYS_IOCTL_H 1
| #define HAVE_SYS_SOCKET_H 1
| #define HAVE_UNISTD_H 1
| /* end confdefs.h.  */
| #include <stdio.h>
| #ifdef HAVE_SYS_TYPES_H
| # include <sys/types.h>
| #endif
| #ifdef HAVE_SYS_STAT_H
| # include <sys/stat.h>
| #endif
| #ifdef STDC_HEADERS
| # include <stdlib.h>
| # include <stddef.h>
| #else
| # ifdef HAVE_STDLIB_H
| #  include <stdlib.h>
| # endif
| #endif
| #ifdef HAVE_STRING_H
| # if !defined STDC_HEADERS && defined HAVE_MEMORY_H
| #  include <memory.h>
| # endif
| # include <string.h>
| #endif
| #ifdef HAVE_STRINGS_H
| # include <strings.h>
| #endif
| #ifdef HAVE_INTTYPES_H
| # include <inttypes.h>
| #endif
| #ifdef HAVE_STDINT_H
| # include <stdint.h>
| #endif
| #ifdef HAVE_UNISTD_H
| # include <unistd.h>
| #endif
| int
| main ()
| {
| if (sizeof ((size_t)))
| 	    return 0;
|   ;
|   return 0;
| }
configure:4951: result: yes
configure:4967: checking for memset
configure:4967: g++ -o conftest -std=c++14   conftest.cpp  >&5
configure:4967: $? = 0
configure:4967: result: yes
configure:4967: checking for socket
configure:4967: g++ -o conftest -std=c++14   conftest.cpp  >&5
configure:4967: $? = 0
configure:4967: result: yes
configure:5087: checking that generated files are newer than configure
configure:5093: result: done
configure:5120: creating ./config.status

## ---------------------- ##
## Running config.status. ##
## ---------------------- ##

This file was extended by rpt config.status 1.0.0.0.0, which was
generated by GNU Autoconf 2.69.  Invocation command line was

  CONFIG_FILES    = 
  CONFIG_HEADERS  = 
  CONFIG_LINKS    = 
  CONFIG_COMMANDS = 
  $ ./config.status 

on rajendra-HP

config.status:871: creating Makefile
config.status:871: creating src/Makefile
config.status:871: creating src/tcp_server/Makefile
config.status:871: creating src/thread_pool/Makefile
config.status:871: creating config.h
config.status:1100: executing depfiles commands

## ---------------- ##
## Cache variables. ##
## ---------------- ##

ac_cv_c_compiler_gnu=yes
ac_cv_c_inline=inline
ac_cv_cxx_compiler_gnu=yes
ac_cv_env_CCC_set=
ac_cv_env_CCC_value=
ac_cv_env_CC_set=
ac_cv_env_CC_value=
ac_cv_env_CFLAGS_set=
ac_cv_env_CFLAGS_value=
ac_cv_env_CPPFLAGS_set=
ac_cv_env_CPPFLAGS_value=
ac_cv_env_CXXCPP_set=
ac_cv_env_CXXCPP_value=
ac_cv_env_CXXFLAGS_set=set
ac_cv_env_CXXFLAGS_value=-std=c++14
ac_cv_env_CXX_set=
ac_cv_env_CXX_value=
ac_cv_env_LDFLAGS_set=
ac_cv_env_LDFLAGS_value=
ac_cv_env_LIBS_set=
ac_cv_env_LIBS_value=
ac_cv_env_build_alias_set=
ac_cv_env_build_alias_value=
ac_cv_env_host_alias_set=
ac_cv_env_host_alias_value=
ac_cv_env_target_alias_set=
ac_cv_env_target_alias_value=
ac_cv_func_memset=yes
ac_cv_func_socket=yes
ac_cv_header_fcntl_h=yes
ac_cv_header_inttypes_h=yes
ac_cv_header_limits_h=yes
ac_cv_header_memory_h=yes
ac_cv_header_netdb_h=yes
ac_cv_header_stdbool_h=no
ac_cv_header_stdc=yes
ac_cv_header_stdint_h=yes
ac_cv_header_stdlib_h=yes
ac_cv_header_string_h=yes
ac_cv_header_strings_h=yes
ac_cv_header_sys_ioctl_h=yes
ac_cv_header_sys_socket_h=yes
ac_cv_header_sys_stat_h=yes
ac_cv_header_sys_types_h=yes
ac_cv_header_unistd_h=yes
ac_cv_objext=o
ac_cv_path_EGREP='/bin/grep -E'
ac_cv_path_GREP=/bin/grep
ac_cv_path_install='/usr/bin/install -c'
ac_cv_path_mkdir=/bin/mkdir
ac_cv_prog_AWK=gawk
ac_cv_prog_CXXCPP='g++ -E'
ac_cv_prog_ac_ct_CC=gcc
ac_cv_prog_ac_ct_CXX=g++
ac_cv_prog_ac_ct_RANLIB=ranlib
ac_cv_prog_cc_c89=
ac_cv_prog_cc_g=yes
ac_cv_prog_cxx_g=yes
ac_cv_prog_make_make_set=yes
ac_cv_type__Bool=no
ac_cv_type_size_t=yes
am_cv_CC_dependencies_compiler_type=gcc3
am_cv_CXX_dependencies_compiler_type=gcc3
am_cv_make_support_nested_variables=yes
am_cv_prog_cc_c_o=yes

## ----------------- ##
## Output variables. ##
## ----------------- ##

ACLOCAL='${SHELL} /home/rajendra/prog/GitHub/CPP/rpt/missing aclocal-1.14'
AMDEPBACKSLASH='\'
AMDEP_FALSE='#'
AMDEP_TRUE=''
AMTAR='$${TAR-tar}'
AM_BACKSLASH='\'
AM_DEFAULT_V='$(AM_DEFAULT_VERBOSITY)'
AM_DEFAULT_VERBOSITY='1'
AM_V='$(V)'
AUTOCONF='${SHELL} /home/rajendra/prog/GitHub/CPP/rpt/missing autoconf'
AUTOHEADER='${SHELL} /home/rajendra/prog/GitHub/CPP/rpt/missing autoheader'
AUTOMAKE='${SHELL} /home/rajendra/prog/GitHub/CPP/rpt/missing automake-1.14'
AWK='gawk'
CC='gcc'
CCDEPMODE='depmode=gcc3'
CFLAGS='-g -O2'
CPPFLAGS=''
CXX='g++'
CXXCPP='g++ -E'
CXXDEPMODE='depmode=gcc3'
CXXFLAGS='-std=c++14'
CYGPATH_W='echo'
DEFS='-DHAVE_CONFIG_H'
DEPDIR='.deps'
ECHO_C=''
ECHO_N='-n'
ECHO_T=''
EGREP='/bin/grep -E'
EXEEXT=''
GREP='/bin/grep'
INSTALL_DATA='${INSTALL} -m 644'
INSTALL_PROGRAM='${INSTALL}'
INSTALL_SCRIPT='${INSTALL}'
INSTALL_STRIP_PROGRAM='$(install_sh) -c -s'
LDFLAGS=''
LIBOBJS=''
LIBS=''
LTLIBOBJS=''
MAKEINFO='${SHELL} /home/rajendra/prog/GitHub/CPP/rpt/missing makeinfo'
MKDIR_P='/bin/mkdir -p'
OBJEXT='o'
PACKAGE='rpt'
PACKAGE_BUGREPORT='rajenpandit@gmail.com'
PACKAGE_NAME='rpt'
PACKAGE_STRING='rpt 1.0.0.0.0'
PACKAGE_TARNAME='rpt'
PACKAGE_URL=''
PACKAGE_VERSION='1.0.0.0.0'
PATH_SEPARATOR=':'
RANLIB='ranlib'
SET_MAKE=''
SHELL='/bin/sh'
STRIP=''
VERSION='1.0.0.0.0'
ac_ct_CC='gcc'
ac_ct_CXX='g++'
am__EXEEXT_FALSE=''
am__EXEEXT_TRUE='#'
am__fastdepCC_FALSE='#'
am__fastdepCC_TRUE=''
am__fastdepCXX_FALSE='#'
am__fastdepCXX_TRUE=''
am__include='include'
am__isrc=''
am__leading_dot='.'
am__nodep='_no'
am__quote=''
am__tar='$${TAR-tar} chof - "$$tardir"'
am__untar='$${TAR-tar} xf -'
bindir='${exec_prefix}/bin'
build_alias=''
datadir='${datarootdir}'
datarootdir='${prefix}/share'
docdir='${datarootdir}/doc/${PACKAGE_TARNAME}'
dvidir='${docdir}'
exec_prefix='${prefix}'
host_alias=''
htmldir='${docdir}'
includedir='${prefix}/include'
infodir='${datarootdir}/info'
install_sh='${SHELL} /home/rajendra/prog/GitHub/CPP/rpt/install-sh'
libdir='${exec_prefix}/lib'
libexecdir='${exec_prefix}/libexec'
localedir='${datarootdir}/locale'
localstatedir='${prefix}/var'
mandir='${datarootdir}/man'
mkdir_p='$(MKDIR_P)'
oldincludedir='/usr/include'
pdfdir='${docdir}'
prefix='/usr/local'
program_transform_name='s,x,x,'
psdir='${docdir}'
sbindir='${exec_prefix}/sbin'
sharedstatedir='${prefix}/com'
sysconfdir='${prefix}/etc'
target_alias=''

## ----------- ##
## confdefs.h. ##
## ----------- ##

/* confdefs.h */
#define PACKAGE_NAME "rpt"
#define PACKAGE_TARNAME "rpt"
#define PACKAGE_VERSION "1.0.0.0.0"
#define PACKAGE_STRING "rpt 1.0.0.0.0"
#define PACKAGE_BUGREPORT "rajenpandit@gmail.com"
#define PACKAGE_URL ""
#define PACKAGE "rpt"
#define VERSION "1.0.0.0.0"
#define STDC_HEADERS 1
#define HAVE_SYS_TYPES_H 1
#define HAVE_SYS_STAT_H 1
#define HAVE_STDLIB_H 1
#define HAVE_STRING_H 1
#define HAVE_MEMORY_H 1
#define HAVE_STRINGS_H 1
#define HAVE_INTTYPES_H 1
#define HAVE_STDINT_H 1
#define HAVE_UNISTD_H 1
#define HAVE_FCNTL_H 1
#define HAVE_LIMITS_H 1
#define HAVE_NETDB_H 1
#define HAVE_STDLIB_H 1
#define HAVE_SYS_IOCTL_H 1
#define HAVE_SYS_SOCKET_H 1
#define HAVE_UNISTD_H 1
#define HAVE_MEMSET 1
#define HAVE_SOCKET 1

configure: exit 0

## ---------------------- ##
## Running config.status. ##
## ---------------------- ##

This file was extended by rpt config.status 1.0.0.0.0, which was
generated by GNU Autoconf 2.69.  Invocation command line was

  CONFIG_FILES    = 
  CONFIG_HEADERS  = 
  CONFIG_LINKS    = 
  CONFIG_COMMANDS = 
  $ ./config.status config.h

on rajendra-HP

config.status:871: creating config.h
config.status:1052: config.h is unchanged

## ---------------------- ##
## Running config.status. ##
## ---------------------- ##

This file was extended by rpt config.status 1.0.0.0.0, which was
generated by GNU Autoconf 2.69.  Invocation command line was

  CONFIG_FILES    = 
  CONFIG_HEADERS  = 
  CONFIG_LINKS    = 
  CONFIG_COMMANDS = 
  $ ./config.status src/tcp_server/Makefile depfiles

on rajendra-HP

config.status:871: creating src/tcp_server/Makefile
config.status:1100: executing depfiles commands

## ---------------------- ##
## Running config.status. ##
## ---------------------- ##

This file was extended by rpt config.status 1.0.0.0.0, which was
generated by GNU Autoconf 2.69.  Invocation command line was

  CONFIG_FILES    = 
  CONFIG_HEADERS  = 
  CONFIG_LINKS    = 
  CONFIG_COMMANDS = 
  $ ./config.status src/tcp_server/Makefile depfiles

on rajendra-HP

config.status:871: creating src/tcp_server/Makefile
config.status:1100: executing depfiles commands
